<?xml version="1.0" encoding="utf-8"?><testsuites name="pytest tests"><testsuite name="pytest" errors="0" failures="0" skipped="0" tests="24" time="5.880" timestamp="2026-07-10T00:37:21.849225+00:00" hostname="agent-env-4593d8af-80a3-40fc-80a7-8608d97f66ba"><testcase classname="tests.test_aasw_api.TestAuth" name="test_login_success" time="0.509" /><testcase classname="tests.test_aasw_api.TestContactVolunteerPublic" name="test_create_contact_public" time="0.282" /><testcase classname="tests.test_aasw_api.TestContactVolunteerPublic" name="test_create_volunteer_public" time="0.230" /><testcase classname="tests.test_aasw_api.TestAuth" name="test_login_wrong_password" time="0.274" /><testcase classname="tests.test_aasw_api.TestContactVolunteerPublic" name="test_invalid_email_contact" time="0.270" /><testcase classname="tests.test_aasw_api.TestContactVolunteerPublic" name="test_list_contact_requires_auth" time="0.273" /><testcase classname="tests.test_aasw_api.TestAuth" name="test_me_with_token" time="0.393" /><testcase classname="tests.test_aasw_api.TestContactVolunteerPublic" name="test_list_volunteer_requires_auth" time="0.181" /><testcase classname="tests.test_aasw_api.TestAuth" name="test_me_without_token" time="0.334" /><testcase classname="tests.test_aasw_api.TestContactVolunteerPublic" name="test_list_contact_with_auth" time="0.410" /><testcase classname="tests.test_aasw_api.TestAuth" name="test_me_with_bad_token" time="0.100" /><testcase classname="tests.test_aasw_api.TestAdminAuthRequired" name="test_admin_gallery_post_no_token" time="0.163" /><testcase classname="tests.test_aasw_api.TestContactVolunteerPublic" name="test_list_volunteer_with_auth" time="0.051" /><testcase classname="tests.test_aasw_api.TestAdminGallery" name="test_gallery_full_flow" time="0.849" /><testcase classname="tests.test_aasw_api.TestAdminAuthRequired" name="test_admin_reports_post_no_token" time="0.101" /><testcase classname="tests.test_aasw_api.TestAdminAuthRequired" name="test_admin_projects_post_no_token" time="0.101" /><testcase classname="tests.test_aasw_api.TestAdminAuthRequired" name="test_admin_delete_no_token" time="0.101" /><testcase classname="tests.test_aasw_api.TestFileServe" name="test_serve_invalid_id" time="0.099" /><testcase classname="tests.test_aasw_api.TestFileServe" name="test_serve_missing_id" time="0.096" /><testcase classname="tests.test_aasw_api.TestHealth" name="test_api_root" time="0.044" /><testcase classname="tests.test_aasw_api.TestAdminProjects" name="test_project_lifecycle" time="3.190" /><testcase classname="tests.test_aasw_api.TestAdminGallery" name="test_gallery_reject_non_image" time="0.102" /><testcase classname="tests.test_aasw_api.TestAdminReports" name="test_reports_pdf_upload_and_delete" time="0.751" /><testcase classname="tests.test_aasw_api.TestAdminReports" name="test_reports_reject_non_pdf" time="2.067" /></testsuite></testsuites>